     1                                 %line 1+1 addition.asm
     2                                 [section .data]
     3                                 SYS_exit equ 60
     4                                 EXIT_SUCCESS equ 0
     5 00000000 DCFE                   num1 dw 0xFEDC
     6 00000002 3412                   num2 dw 0x1234
     7 00000004 00000000               sum dd 0
     8                                 
     9                                 [section .text]
    10                                 [global _start]
    11                                 
    12                                 _start:
    13                                 
    14 00000000 668B0425[00000000]      mov ax, [num1]
    15                                 
    16 00000008 66030425[00000000]      add ax, [num2]
    17 00000010 66890425[00000000]      mov[sum], ax
    18                                 
    19                                 
    20 00000018 48C7C03C000000          mov rax, SYS_exit
    21 0000001F 48C7C700000000          mov rdi, EXIT_SUCCESS
    22 00000026 0F05                    syscall
    23                                 
