     1                                 %line 1+1 subtraction.asm
     2                                 [section .data]
     3                                  SYS_exit equ 60
     4                                  EXIT_SUCCESS equ 0
     5 00000000 3412                    num1 dw 0x1234
     6 00000002 DCFE                    num2 dw 0xFEDC
     7 00000004 00000000                dif dd 0
     8                                 
     9                                 [section .text]
    10                                 [global _start]
    11                                 
    12                                 _start:
    13                                 
    14 00000000 668B0425[00000000]      mov ax, [num1]
    15                                 
    16                                 
    17 00000008 662B0425[00000000]      sub ax, [num2]
    18                                 
    19                                 
    20 00000010 66890425[00000000]      mov [dif], ax
    21                                 
    22                                 
    23                                 
    24                                 
    25 00000018 0FB70425[00000000]      movzx eax, word [dif]
    26 00000020 2D00800000              sub eax, 0x8000
    27                                 
    28                                 
    29 00000025 890425[00000000]        mov [dif], eax
    30                                 
    31                                 
    32 0000002C 48C7C03C000000          mov rax, SYS_exit
    33 00000033 48C7C700000000          mov rdi, EXIT_SUCCESS
    34 0000003A 0F05                    syscall
    35                                 
